{"total": {"lines":{"total":355,"covered":302,"skipped":0,"pct":85.07},"statements":{"total":378,"covered":319,"skipped":0,"pct":84.39},"functions":{"total":100,"covered":95,"skipped":0,"pct":95},"branches":{"total":469,"covered":348,"skipped":0,"pct":74.2},"branchesTrue":{"total":0,"covered":0,"skipped":0,"pct":100}}
,"/Users/zman/workspace/projects/tcg_ims4/my-app/convex/catalog/config.ts": {"lines":{"total":14,"covered":13,"skipped":0,"pct":92.85},"functions":{"total":7,"covered":7,"skipped":0,"pct":100},"statements":{"total":15,"covered":14,"skipped":0,"pct":93.33},"branches":{"total":10,"covered":9,"skipped":0,"pct":90}}
,"/Users/zman/workspace/projects/tcg_ims4/my-app/convex/catalog/syncModes.ts": {"lines":{"total":4,"covered":4,"skipped":0,"pct":100},"functions":{"total":2,"covered":2,"skipped":0,"pct":100},"statements":{"total":4,"covered":4,"skipped":0,"pct":100},"branches":{"total":6,"covered":6,"skipped":0,"pct":100}}
,"/Users/zman/workspace/projects/tcg_ims4/my-app/convex/catalog/syncPolicy.ts": {"lines":{"total":21,"covered":21,"skipped":0,"pct":100},"functions":{"total":9,"covered":9,"skipped":0,"pct":100},"statements":{"total":22,"covered":22,"skipped":0,"pct":100},"branches":{"total":6,"covered":5,"skipped":0,"pct":83.33}}
,"/Users/zman/workspace/projects/tcg_ims4/my-app/convex/catalog/syncState.ts": {"lines":{"total":34,"covered":33,"skipped":0,"pct":97.05},"functions":{"total":7,"covered":7,"skipped":0,"pct":100},"statements":{"total":34,"covered":33,"skipped":0,"pct":97.05},"branches":{"total":50,"covered":44,"skipped":0,"pct":88}}
,"/Users/zman/workspace/projects/tcg_ims4/my-app/convex/orders/shipmentSummary.ts": {"lines":{"total":21,"covered":20,"skipped":0,"pct":95.23},"functions":{"total":9,"covered":9,"skipped":0,"pct":100},"statements":{"total":25,"covered":21,"skipped":0,"pct":84},"branches":{"total":83,"covered":59,"skipped":0,"pct":71.08}}
,"/Users/zman/workspace/projects/tcg_ims4/my-app/convex/orders/mappers/manapool.ts": {"lines":{"total":11,"covered":11,"skipped":0,"pct":100},"functions":{"total":3,"covered":3,"skipped":0,"pct":100},"statements":{"total":11,"covered":11,"skipped":0,"pct":100},"branches":{"total":32,"covered":21,"skipped":0,"pct":65.62}}
,"/Users/zman/workspace/projects/tcg_ims4/my-app/convex/orders/mappers/shared.ts": {"lines":{"total":5,"covered":5,"skipped":0,"pct":100},"functions":{"total":3,"covered":3,"skipped":0,"pct":100},"statements":{"total":7,"covered":7,"skipped":0,"pct":100},"branches":{"total":9,"covered":9,"skipped":0,"pct":100}}
,"/Users/zman/workspace/projects/tcg_ims4/my-app/convex/orders/mappers/tcgplayer.ts": {"lines":{"total":6,"covered":6,"skipped":0,"pct":100},"functions":{"total":2,"covered":2,"skipped":0,"pct":100},"statements":{"total":7,"covered":7,"skipped":0,"pct":100},"branches":{"total":37,"covered":19,"skipped":0,"pct":51.35}}
,"/Users/zman/workspace/projects/tcg_ims4/my-app/convex/pricing/normalizers.ts": {"lines":{"total":61,"covered":58,"skipped":0,"pct":95.08},"functions":{"total":15,"covered":15,"skipped":0,"pct":100},"statements":{"total":61,"covered":58,"skipped":0,"pct":95.08},"branches":{"total":70,"covered":60,"skipped":0,"pct":85.71}}
,"/Users/zman/workspace/projects/tcg_ims4/my-app/convex/pricing/ruleScope.ts": {"lines":{"total":42,"covered":7,"skipped":0,"pct":16.66},"functions":{"total":7,"covered":2,"skipped":0,"pct":28.57},"statements":{"total":43,"covered":7,"skipped":0,"pct":16.27},"branches":{"total":34,"covered":6,"skipped":0,"pct":17.64}}
,"/Users/zman/workspace/projects/tcg_ims4/my-app/shared/shippingMethod.ts": {"lines":{"total":57,"covered":53,"skipped":0,"pct":92.98},"functions":{"total":14,"covered":14,"skipped":0,"pct":100},"statements":{"total":58,"covered":54,"skipped":0,"pct":93.1},"branches":{"total":55,"covered":45,"skipped":0,"pct":81.81}}
,"/Users/zman/workspace/projects/tcg_ims4/my-app/shared/shippingPurchase.ts": {"lines":{"total":34,"covered":26,"skipped":0,"pct":76.47},"functions":{"total":7,"covered":7,"skipped":0,"pct":100},"statements":{"total":41,"covered":32,"skipped":0,"pct":78.04},"branches":{"total":34,"covered":25,"skipped":0,"pct":73.52}}
,"/Users/zman/workspace/projects/tcg_ims4/my-app/shared/shippingRefund.ts": {"lines":{"total":7,"covered":7,"skipped":0,"pct":100},"functions":{"total":2,"covered":2,"skipped":0,"pct":100},"statements":{"total":8,"covered":8,"skipped":0,"pct":100},"branches":{"total":6,"covered":6,"skipped":0,"pct":100}}
,"/Users/zman/workspace/projects/tcg_ims4/my-app/shared/shippingStatus.ts": {"lines":{"total":38,"covered":38,"skipped":0,"pct":100},"functions":{"total":13,"covered":13,"skipped":0,"pct":100},"statements":{"total":42,"covered":41,"skipped":0,"pct":97.61},"branches":{"total":37,"covered":34,"skipped":0,"pct":91.89}}
}
